#! /c/Source/iverilog-install/bin/vvp
:ivl_version "12.0 (devel)" "(s20150603-1539-g2693dd32b)";
:ivl_delay_selection "TYPICAL";
:vpi_time_precision + 0;
:vpi_module "C:\iverilog\lib\ivl\system.vpi";
:vpi_module "C:\iverilog\lib\ivl\vhdl_sys.vpi";
:vpi_module "C:\iverilog\lib\ivl\vhdl_textio.vpi";
:vpi_module "C:\iverilog\lib\ivl\v2005_math.vpi";
:vpi_module "C:\iverilog\lib\ivl\va_math.vpi";
S_00000160e0154eb0 .scope module, "testbench" "testbench" 2 14;
 .timescale 0 0;
v00000160e0145600_0 .var "D", 0 0;
v00000160e01456a0_0 .net "Q", 0 0, L_00000160e010cd70;  1 drivers
v00000160e0145740_0 .var "clk", 0 0;
v00000160e01457e0_0 .var "rst", 0 0;
S_00000160e0155040 .scope module, "dff" "DFF" 2 18, 2 1 0, S_00000160e0154eb0;
 .timescale 0 0;
    .port_info 0 /OUTPUT 1 "Q";
    .port_info 1 /INPUT 1 "D";
    .port_info 2 /INPUT 1 "clk";
    .port_info 3 /INPUT 1 "rst";
L_00000160e010d160 .functor NAND 1, v00000160e0145600_0, v00000160e0145740_0, v00000160e01457e0_0, C4<1>;
L_00000160e010cc90 .functor NAND 1, L_00000160e010cd00, v00000160e0145740_0, v00000160e01457e0_0, C4<1>;
L_00000160e010cd00 .functor NOT 1, v00000160e0145600_0, C4<0>, C4<0>, C4<0>;
L_00000160e010cad0 .functor NAND 1, L_00000160e010cc90, L_00000160e010cd70, C4<1>, C4<1>;
L_00000160e010cd70 .functor NAND 1, L_00000160e010d160, L_00000160e010cad0, C4<1>, C4<1>;
v00000160e01441c0_0 .net "D", 0 0, v00000160e0145600_0;  1 drivers
v00000160e01551d0_0 .net "Q", 0 0, L_00000160e010cd70;  alias, 1 drivers
v00000160e0155270_0 .net "Qm", 0 0, L_00000160e010cad0;  1 drivers
v00000160e01452e0_0 .net "R", 0 0, L_00000160e010cc90;  1 drivers
v00000160e0145380_0 .net "S", 0 0, L_00000160e010d160;  1 drivers
v00000160e0145420_0 .net *"_ivl_2", 0 0, L_00000160e010cd00;  1 drivers
v00000160e01454c0_0 .net "clk", 0 0, v00000160e0145740_0;  1 drivers
v00000160e0145560_0 .net "rst", 0 0, v00000160e01457e0_0;  1 drivers
    .scope S_00000160e0154eb0;
T_0 ;
    %pushi/vec4 0, 0, 1;
    %store/vec4 v00000160e0145600_0, 0, 1;
    %pushi/vec4 0, 0, 1;
    %store/vec4 v00000160e0145740_0, 0, 1;
    %pushi/vec4 0, 0, 1;
    %store/vec4 v00000160e01457e0_0, 0, 1;
    %delay 5, 0;
    %pushi/vec4 1, 0, 1;
    %store/vec4 v00000160e01457e0_0, 0, 1;
    %delay 5, 0;
    %pushi/vec4 0, 0, 1;
    %store/vec4 v00000160e0145600_0, 0, 1;
    %delay 5, 0;
    %pushi/vec4 1, 0, 1;
    %store/vec4 v00000160e0145600_0, 0, 1;
    %delay 5, 0;
    %pushi/vec4 0, 0, 1;
    %store/vec4 v00000160e0145600_0, 0, 1;
    %delay 5, 0;
    %pushi/vec4 1, 0, 1;
    %store/vec4 v00000160e0145600_0, 0, 1;
    %delay 5, 0;
    %pushi/vec4 0, 0, 1;
    %store/vec4 v00000160e0145600_0, 0, 1;
    %delay 5, 0;
    %pushi/vec4 1, 0, 1;
    %store/vec4 v00000160e0145600_0, 0, 1;
    %delay 5, 0;
    %pushi/vec4 0, 0, 1;
    %store/vec4 v00000160e0145600_0, 0, 1;
    %delay 5, 0;
    %pushi/vec4 1, 0, 1;
    %store/vec4 v00000160e0145600_0, 0, 1;
    %delay 5, 0;
    %pushi/vec4 0, 0, 1;
    %store/vec4 v00000160e0145600_0, 0, 1;
    %delay 20, 0;
    %vpi_call 2 39 "$finish" {0 0 0};
    %end;
    .thread T_0;
    .scope S_00000160e0154eb0;
T_1 ;
    %delay 5, 0;
    %load/vec4 v00000160e0145740_0;
    %inv;
    %store/vec4 v00000160e0145740_0, 0, 1;
    %jmp T_1;
    .thread T_1;
    .scope S_00000160e0154eb0;
T_2 ;
    %vpi_call 2 45 "$monitor", "At time %t, Q = %d, D = %d, clk = %d, rst = %d", $time, v00000160e01456a0_0, v00000160e0145600_0, v00000160e0145740_0, v00000160e01457e0_0 {0 0 0};
    %end;
    .thread T_2;
# The file index is used to find the file name in the following table.
:file_names 3;
    "N/A";
    "<interactive>";
    "Vending_machine.v";
