#! /c/Source/iverilog-install/bin/vvp
:ivl_version "12.0 (devel)" "(s20150603-1539-g2693dd32b)";
:ivl_delay_selection "TYPICAL";
:vpi_time_precision + 0;
:vpi_module "C:\iverilog\lib\ivl\system.vpi";
:vpi_module "C:\iverilog\lib\ivl\vhdl_sys.vpi";
:vpi_module "C:\iverilog\lib\ivl\vhdl_textio.vpi";
:vpi_module "C:\iverilog\lib\ivl\v2005_math.vpi";
:vpi_module "C:\iverilog\lib\ivl\va_math.vpi";
S_0000019bb25e4f70 .scope module, "DFF_tb" "DFF_tb" 2 3;
 .timescale 0 0;
v0000019bb25d5600_0 .var "D", 0 0;
v0000019bb25d56a0_0 .net "Q", 0 0, L_0000019bb259cc70;  1 drivers
v0000019bb25d5740_0 .var "clk", 0 0;
v0000019bb25d57e0_0 .var "rst", 0 0;
S_0000019bb25e5100 .scope module, "dff" "DFF" 2 7, 3 1 0, S_0000019bb25e4f70;
 .timescale 0 0;
    .port_info 0 /OUTPUT 1 "Q";
    .port_info 1 /INPUT 1 "D";
    .port_info 2 /INPUT 1 "clk";
    .port_info 3 /INPUT 1 "rst";
L_0000019bb259d140 .functor NAND 1, v0000019bb25d5600_0, v0000019bb25d5740_0, v0000019bb25d57e0_0, C4<1>;
L_0000019bb259cd50 .functor NAND 1, L_0000019bb259cce0, v0000019bb25d5740_0, v0000019bb25d57e0_0, C4<1>;
L_0000019bb259cce0 .functor NOT 1, v0000019bb25d5600_0, C4<0>, C4<0>, C4<0>;
L_0000019bb259cdc0 .functor NAND 1, L_0000019bb259cd50, L_0000019bb259cc70, C4<1>, C4<1>;
L_0000019bb259cc70 .functor NAND 1, L_0000019bb259d140, L_0000019bb259cdc0, C4<1>, C4<1>;
v0000019bb25d41c0_0 .net "D", 0 0, v0000019bb25d5600_0;  1 drivers
v0000019bb25e5290_0 .net "Q", 0 0, L_0000019bb259cc70;  alias, 1 drivers
v0000019bb25e5330_0 .net "Qm", 0 0, L_0000019bb259cdc0;  1 drivers
v0000019bb25d52e0_0 .net "R", 0 0, L_0000019bb259cd50;  1 drivers
v0000019bb25d5380_0 .net "S", 0 0, L_0000019bb259d140;  1 drivers
v0000019bb25d5420_0 .net *"_ivl_2", 0 0, L_0000019bb259cce0;  1 drivers
v0000019bb25d54c0_0 .net "clk", 0 0, v0000019bb25d5740_0;  1 drivers
v0000019bb25d5560_0 .net "rst", 0 0, v0000019bb25d57e0_0;  1 drivers
    .scope S_0000019bb25e4f70;
T_0 ;
    %pushi/vec4 0, 0, 1;
    %store/vec4 v0000019bb25d5600_0, 0, 1;
    %pushi/vec4 0, 0, 1;
    %store/vec4 v0000019bb25d5740_0, 0, 1;
    %pushi/vec4 0, 0, 1;
    %store/vec4 v0000019bb25d57e0_0, 0, 1;
    %delay 5, 0;
    %pushi/vec4 1, 0, 1;
    %store/vec4 v0000019bb25d57e0_0, 0, 1;
    %delay 5, 0;
    %pushi/vec4 0, 0, 1;
    %store/vec4 v0000019bb25d5600_0, 0, 1;
    %delay 5, 0;
    %pushi/vec4 1, 0, 1;
    %store/vec4 v0000019bb25d5600_0, 0, 1;
    %delay 5, 0;
    %pushi/vec4 0, 0, 1;
    %store/vec4 v0000019bb25d5600_0, 0, 1;
    %delay 5, 0;
    %pushi/vec4 1, 0, 1;
    %store/vec4 v0000019bb25d5600_0, 0, 1;
    %delay 5, 0;
    %pushi/vec4 0, 0, 1;
    %store/vec4 v0000019bb25d5600_0, 0, 1;
    %delay 5, 0;
    %pushi/vec4 1, 0, 1;
    %store/vec4 v0000019bb25d5600_0, 0, 1;
    %delay 5, 0;
    %pushi/vec4 0, 0, 1;
    %store/vec4 v0000019bb25d5600_0, 0, 1;
    %delay 5, 0;
    %pushi/vec4 1, 0, 1;
    %store/vec4 v0000019bb25d5600_0, 0, 1;
    %delay 5, 0;
    %pushi/vec4 0, 0, 1;
    %store/vec4 v0000019bb25d5600_0, 0, 1;
    %delay 20, 0;
    %vpi_call 2 28 "$finish" {0 0 0};
    %end;
    .thread T_0;
    .scope S_0000019bb25e4f70;
T_1 ;
    %delay 5, 0;
    %load/vec4 v0000019bb25d5740_0;
    %inv;
    %store/vec4 v0000019bb25d5740_0, 0, 1;
    %jmp T_1;
    .thread T_1;
    .scope S_0000019bb25e4f70;
T_2 ;
    %vpi_call 2 34 "$monitor", "At time %t, Q = %d, D = %d, clk = %d, rst = %d", $time, v0000019bb25d56a0_0, v0000019bb25d5600_0, v0000019bb25d5740_0, v0000019bb25d57e0_0 {0 0 0};
    %end;
    .thread T_2;
# The file index is used to find the file name in the following table.
:file_names 4;
    "N/A";
    "<interactive>";
    "DFF-tb.v";
    "./DFF.v";
